This is pdfTeX, Version 3.14159265-2.6-1.40.18 (MiKTeX 2.9.6500 64-bit) (preloaded format=pdflatex 2017.12.13)  13 DEC 2017 15:26
entering extended mode
**./Fall_2017_Math_Research_Essay.tex
(Fall_2017_Math_Research_Essay.tex
LaTeX2e <2017-04-15>
Babel <3.15> and hyphenation patterns for 75 language(s) loaded.
(Z:\ProgramFolder\MiKTeX\tex\latex\amscls\amsart.cls
Document Class: amsart 2015/03/04 v2.20.2
\linespacing=\dimen102
\normalparindent=\dimen103
\normaltopskip=\skip41
(Z:\ProgramFolder\MiKTeX\tex\latex\amsmath\amsmath.sty
Package: amsmath 2017/09/02 v2.17a AMS math features
\@mathmargin=\skip42

For additional information on amsmath, use the `?' option.
(Z:\ProgramFolder\MiKTeX\tex\latex\amsmath\amstext.sty
Package: amstext 2000/06/29 v2.01 AMS text

(Z:\ProgramFolder\MiKTeX\tex\latex\amsmath\amsgen.sty
File: amsgen.sty 1999/11/30 v2.0 generic functions
\@emptytoks=\toks14
\ex@=\dimen104
))
(Z:\ProgramFolder\MiKTeX\tex\latex\amsmath\amsbsy.sty
Package: amsbsy 1999/11/29 v1.2d Bold Symbols
\pmbraise@=\dimen105
)
(Z:\ProgramFolder\MiKTeX\tex\latex\amsmath\amsopn.sty
Package: amsopn 2016/03/08 v2.02 operator names
)
\inf@bad=\count79
LaTeX Info: Redefining \frac on input line 213.
\uproot@=\count80
\leftroot@=\count81
LaTeX Info: Redefining \overline on input line 375.
\classnum@=\count82
\DOTSCASE@=\count83
LaTeX Info: Redefining \ldots on input line 472.
LaTeX Info: Redefining \dots on input line 475.
LaTeX Info: Redefining \cdots on input line 596.
\Mathstrutbox@=\box26
\strutbox@=\box27
\big@size=\dimen106
LaTeX Font Info:    Redeclaring font encoding OML on input line 712.
LaTeX Font Info:    Redeclaring font encoding OMS on input line 713.
\macc@depth=\count84
\c@MaxMatrixCols=\count85
\dotsspace@=\muskip10
\c@parentequation=\count86
\dspbrk@lvl=\count87
\tag@help=\toks15
\row@=\count88
\column@=\count89
\maxfields@=\count90
\andhelp@=\toks16
\eqnshift@=\dimen107
\alignsep@=\dimen108
\tagshift@=\dimen109
\tagwidth@=\dimen110
\totwidth@=\dimen111
\lineht@=\dimen112
\@envbody=\toks17
\multlinegap=\skip43
\multlinetaggap=\skip44
\mathdisplay@stack=\toks18
LaTeX Info: Redefining \[ on input line 2817.
LaTeX Info: Redefining \] on input line 2818.
)
LaTeX Font Info:    Try loading font information for U+msa on input line 388.

(Z:\ProgramFolder\MiKTeX\tex\latex\amsfonts\umsa.fd
File: umsa.fd 2013/01/14 v3.01 AMS symbols A
)
(Z:\ProgramFolder\MiKTeX\tex\latex\amsfonts\amsfonts.sty
Package: amsfonts 2013/01/14 v3.01 Basic AMSFonts support
\symAMSa=\mathgroup4
\symAMSb=\mathgroup5
LaTeX Font Info:    Overwriting math alphabet `\mathfrak' in version `bold'
(Font)                  U/euf/m/n --> U/euf/b/n on input line 106.
)
\copyins=\insert199
\abstractbox=\box28
\listisep=\skip45
\c@part=\count91
\c@section=\count92
\c@subsection=\count93
\c@subsubsection=\count94
\c@paragraph=\count95
\c@subparagraph=\count96
\c@figure=\count97
\c@table=\count98
\abovecaptionskip=\skip46
\belowcaptionskip=\skip47
\captionindent=\dimen113
\thm@style=\toks19
\thm@bodyfont=\toks20
\thm@headfont=\toks21
\thm@notefont=\toks22
\thm@headpunct=\toks23
\thm@preskip=\skip48
\thm@postskip=\skip49
\thm@headsep=\skip50
\dth@everypar=\toks24
)
(C:\Users\William\AppData\Roaming\MiKTeX\2.9\tex\latex\amsrefs\amsrefs.sty
Package: amsrefs 2013/03/07 v2.14

(C:\Users\William\AppData\Roaming\MiKTeX\2.9\tex\latex\url\url.sty
\Urlmuskip=\muskip11
Package: url 2013/09/16  ver 3.4  Verb mode for urls, etc.
)
(C:\Users\William\AppData\Roaming\MiKTeX\2.9\tex\latex\amsrefs\pcatcode.sty
Package: pcatcode 2002/04/16 v1.04
)
(C:\Users\William\AppData\Roaming\MiKTeX\2.9\tex\latex\amsrefs\ifoption.sty
Package: ifoption 2002/03/04 v1.02
)
(C:\Users\William\AppData\Roaming\MiKTeX\2.9\tex\latex\amsrefs\rkeyval.sty
Package: rkeyval 2004/05/05 v1.08
\@temptokenb=\toks25
\rsk@toks=\toks26
)
(C:\Users\William\AppData\Roaming\MiKTeX\2.9\tex\latex\amsrefs\textcmds.sty
Package: textcmds 2012/08/02 v2.00
)
(C:\Users\William\AppData\Roaming\MiKTeX\2.9\tex\latex\amsrefs\mathscinet.sty
Package: mathscinet 2002/04/17 v1.05
)
\c@bib=\count99
\@maxlabelwidth=\dimen114
\c@bib@env=\count100
\bib@dbfile=\read1
\alpha@suffix=\count101
\series@index=\count102
)

LaTeX Warning: Unused global option(s):
    [12].

(Fall_2017_Math_Research_Essay.aux)
\openout1 = `Fall_2017_Math_Research_Essay.aux'.

LaTeX Font Info:    Checking defaults for OML/cmm/m/it on input line 17.
LaTeX Font Info:    ... okay on input line 17.
LaTeX Font Info:    Checking defaults for T1/cmr/m/n on input line 17.
LaTeX Font Info:    ... okay on input line 17.
LaTeX Font Info:    Checking defaults for OT1/cmr/m/n on input line 17.
LaTeX Font Info:    ... okay on input line 17.
LaTeX Font Info:    Checking defaults for OMS/cmsy/m/n on input line 17.
LaTeX Font Info:    ... okay on input line 17.
LaTeX Font Info:    Checking defaults for OMX/cmex/m/n on input line 17.
LaTeX Font Info:    ... okay on input line 17.
LaTeX Font Info:    Checking defaults for U/cmr/m/n on input line 17.
LaTeX Font Info:    ... okay on input line 17.
LaTeX Font Info:    Try loading font information for U+msa on input line 17.

(Z:\ProgramFolder\MiKTeX\tex\latex\amsfonts\umsa.fd
File: umsa.fd 2013/01/14 v3.01 AMS symbols A
)
LaTeX Font Info:    Try loading font information for U+msb on input line 17.

(Z:\ProgramFolder\MiKTeX\tex\latex\amsfonts\umsb.fd
File: umsb.fd 2013/01/14 v3.01 AMS symbols B
) [1{C:/Users/William/AppData/Local/MiKTeX/2.9/pdftex/config/pdftex.map}]
Underfull \hbox (badness 10000) in paragraph at lines 38--40

 []

[2]

! LaTeX Error: Lonely \item--perhaps a missing list environment.

See the LaTeX manual or LaTeX Companion for explanation.
Type  H <return>  for immediate help.
 ...                                              
                                                  
l.57 	}
       
Try typing  <return>  to proceed.
If that doesn't work, type  X <return>  to quit.

[3] (Fall_2017_Math_Research_Essay.aux) ) 
Here is how much of TeX's memory you used:
 2355 strings out of 493312
 27871 string characters out of 3140648
 89627 words of memory out of 3000000
 5759 multiletter control sequences out of 15000+200000
 10666 words of font info for 41 fonts, out of 3000000 for 9000
 1302 hyphenation exceptions out of 8191
 34i,7n,31p,1486b,436s stack positions out of 5000i,500n,10000p,200000b,50000s
<Z:/ProgramFolder/MiKTeX/fonts/type1/p
ublic/amsfonts/cm/cmbx10.pfb><Z:/ProgramFolder/MiKTeX/fonts/type1/public/amsfon
ts/cm/cmbx7.pfb><Z:/ProgramFolder/MiKTeX/fonts/type1/public/amsfonts/cm/cmcsc10
.pfb><Z:/ProgramFolder/MiKTeX/fonts/type1/public/amsfonts/cm/cmex10.pfb><Z:/Pro
gramFolder/MiKTeX/fonts/type1/public/amsfonts/cm/cmmi10.pfb><Z:/ProgramFolder/M
iKTeX/fonts/type1/public/amsfonts/cm/cmr10.pfb><Z:/ProgramFolder/MiKTeX/fonts/t
ype1/public/amsfonts/cm/cmr7.pfb><Z:/ProgramFolder/MiKTeX/fonts/type1/public/am
sfonts/cm/cmr8.pfb><Z:/ProgramFolder/MiKTeX/fonts/type1/public/amsfonts/cm/cmsy
10.pfb><Z:/ProgramFolder/MiKTeX/fonts/type1/public/amsfonts/cm/cmti10.pfb><Z:/P
rogramFolder/MiKTeX/fonts/type1/public/amsfonts/cm/cmti8.pfb><Z:/ProgramFolder/
MiKTeX/fonts/type1/public/amsfonts/symbols/msbm10.pfb>
Output written on Fall_2017_Math_Research_Essay.pdf (3 pages, 133374 bytes).
PDF statistics:
 60 PDF objects out of 1000 (max. 8388607)
 0 named destinations out of 1000 (max. 500000)
 1 words of extra memory for PDF output out of 10000 (max. 10000000)

